[2019-06-04 14:41:21.849] [exthost] [info] extension host started
[2019-06-04 14:41:21.966] [exthost] [info] ExtensionService#_doActivateExtension vscode.debug-auto-launch {"startup":true,"activationEvent":"*"}
[2019-06-04 14:41:21.966] [exthost] [info] ExtensionService#loadCommonJSModule /usr/share/code/resources/app/extensions/debug-auto-launch/dist/extension
[2019-06-04 14:41:22.002] [exthost] [info] ExtensionService#_doActivateExtension vscode.emmet {"startup":true,"activationEvent":"*"}
[2019-06-04 14:41:22.002] [exthost] [info] ExtensionService#loadCommonJSModule /usr/share/code/resources/app/extensions/emmet/dist/extension
[2019-06-04 14:41:22.048] [exthost] [info] ExtensionService#_doActivateExtension vscode.git {"startup":true,"activationEvent":"*"}
[2019-06-04 14:41:22.048] [exthost] [info] ExtensionService#loadCommonJSModule /usr/share/code/resources/app/extensions/git/dist/main
[2019-06-04 14:41:22.312] [exthost] [info] ExtensionService#_doActivateExtension vscode.merge-conflict {"startup":true,"activationEvent":"*"}
[2019-06-04 14:41:22.312] [exthost] [info] ExtensionService#loadCommonJSModule /usr/share/code/resources/app/extensions/merge-conflict/dist/extension
[2019-06-04 14:41:22.347] [exthost] [info] ExtensionService#_doActivateExtension christian-kohler.path-intellisense {"startup":true,"activationEvent":"*"}
[2019-06-04 14:41:22.347] [exthost] [info] ExtensionService#loadCommonJSModule /home/malav/.vscode/extensions/christian-kohler.path-intellisense-1.4.2/out/src/extension
[2019-06-04 14:41:22.393] [exthost] [info] ExtensionService#_doActivateExtension dbaeumer.vscode-eslint {"startup":true,"activationEvent":"*"}
[2019-06-04 14:41:22.393] [exthost] [info] ExtensionService#loadCommonJSModule /home/malav/.vscode/extensions/dbaeumer.vscode-eslint-1.9.0/client/out/extension
[2019-06-04 14:41:22.472] [exthost] [info] ExtensionService#_doActivateExtension eamodio.gitlens {"startup":true,"activationEvent":"*"}
[2019-06-04 14:41:22.472] [exthost] [info] ExtensionService#loadCommonJSModule /home/malav/.vscode/extensions/eamodio.gitlens-9.8.1/dist/extension
[2019-06-04 14:41:22.696] [exthost] [info] ExtensionService#_doActivateExtension EditorConfig.EditorConfig {"startup":true,"activationEvent":"*"}
[2019-06-04 14:41:22.696] [exthost] [info] ExtensionService#loadCommonJSModule /home/malav/.vscode/extensions/editorconfig.editorconfig-0.13.0/out/src/editorConfigMain
[2019-06-04 14:41:22.783] [exthost] [info] ExtensionService#_doActivateExtension formulahendry.auto-close-tag {"startup":true,"activationEvent":"*"}
[2019-06-04 14:41:22.783] [exthost] [info] ExtensionService#loadCommonJSModule /home/malav/.vscode/extensions/formulahendry.auto-close-tag-0.5.6/out/src/extension
[2019-06-04 14:41:22.785] [exthost] [info] ExtensionService#_doActivateExtension HookyQR.beautify {"startup":true,"activationEvent":"*"}
[2019-06-04 14:41:22.785] [exthost] [info] ExtensionService#loadCommonJSModule /home/malav/.vscode/extensions/hookyqr.beautify-1.5.0/extension
[2019-06-04 14:41:23.056] [exthost] [info] ExtensionService#_doActivateExtension kisstkondoros.vscode-codemetrics {"startup":true,"activationEvent":"*"}
[2019-06-04 14:41:23.056] [exthost] [info] ExtensionService#loadCommonJSModule /home/malav/.vscode/extensions/kisstkondoros.vscode-codemetrics-1.18.1/out/src/extension
[2019-06-04 14:41:23.824] [exthost] [info] ExtensionService#_doActivateExtension michelemelluso.gitignore {"startup":true,"activationEvent":"*"}
[2019-06-04 14:41:23.824] [exthost] [info] ExtensionService#loadCommonJSModule /home/malav/.vscode/extensions/michelemelluso.gitignore-1.0.1/out/src/extension
[2019-06-04 14:41:23.847] [exthost] [info] ExtensionService#_doActivateExtension PKief.material-icon-theme {"startup":true,"activationEvent":"*"}
[2019-06-04 14:41:23.847] [exthost] [info] ExtensionService#loadCommonJSModule /home/malav/.vscode/extensions/pkief.material-icon-theme-3.8.0/dist/extension
[2019-06-04 14:41:23.895] [exthost] [info] ExtensionService#_doActivateExtension shardulm94.trailing-spaces {"startup":true,"activationEvent":"*"}
[2019-06-04 14:41:23.895] [exthost] [info] ExtensionService#loadCommonJSModule /home/malav/.vscode/extensions/shardulm94.trailing-spaces-0.3.1/out/src/extension
[2019-06-04 14:41:23.958] [exthost] [info] ExtensionService#_doActivateExtension streetsidesoftware.code-spell-checker {"startup":true,"activationEvent":"*"}
[2019-06-04 14:41:23.958] [exthost] [info] ExtensionService#loadCommonJSModule /home/malav/.vscode/extensions/streetsidesoftware.code-spell-checker-1.7.16/dist/extension
[2019-06-04 14:41:24.116] [exthost] [info] eager extensions activated
