Initializing document watcher...
Detected change in configuration: {}
final-project/quickfix_examples/initiator.properties: {}
final-project/quickfix_examples/initiator.properties: {}
final-project/quickfix_examples/initiator.properties: Using EditorConfig core...
final-project/quickfix_examples/initiator.properties: {}
final-project/quickfix_examples/initiator.properties: Using EditorConfig core...
final-project/quickfix_examples/initiator.properties: {}
final-project/quickfix_examples/initiator.properties: {}
final-project/quickfix_examples/initiator.properties: {}
final-project/quickfix_examples/initiator.properties: {}
final-project/quickfix_examples/initiator.properties: {}
final-project/quickfix_examples/initiator.properties: Using EditorConfig core...
final-project/quickfix_examples/initiator.properties: {}
final-project/quickfix_examples/initiator.properties: Using EditorConfig core...
final-project/quickfix_examples/initiator.properties: {}
final-project/src/main.ts: {}
final-project/src/main.ts: Using EditorConfig core...
final-project/src/quickfix_api/quickfix-controller/quickfix-controller.controller.ts: {}
final-project/src/quickfix_api/quickfix-controller/quickfix-controller.controller.ts: Using EditorConfig core...
final-project/quickfix_examples/initiator.properties: {}
final-project/src/quickfix_api/quickfix-controller/quickfix-controller.controller.ts: {}
final-project/src/main.ts: {}
final-project/src/main.ts: Using EditorConfig core...
final-project/all_logs/client_logs/FIXT.1.1-DINOSAUR-NEX.event.current.log: {}
final-project/all_logs/client_logs/FIXT.1.1-DINOSAUR-NEX.messages.current.log: {}
final-project/all_logs/client_logs/FIXT.1.1-DINOSAUR-NEX.event.current.log: {}
final-project/quickfix_examples/initiator.properties: {}
final-project/quickfix_examples/initiator.properties: Using EditorConfig core...
final-project/quickfix_examples/acceptor.properties: {}
final-project/quickfix_examples/initiator.properties: {}
final-project/quickfix_examples/initiator.properties: Using EditorConfig core...
final-project/all_logs/client_logs/FIXT.1.1-DINOSAUR-NEX.messages.current.log: {}
final-project/all_logs/client_logs/FIXT.1.1-DINOSAUR-NEX.event.current.log: {}
final-project/quickfix_examples/initiator.properties: {}
final-project/quickfix_examples/initiator.properties: {}
final-project/quickfix_examples/initiator.properties: Using EditorConfig core...
final-project/all_logs/client_logs/FIXT.1.1-DINOSAUR-NEX.event.current.log: {}
final-project/quickfix_examples/initiator.properties: {}
final-project/quickfix_examples/initiator.properties: Using EditorConfig core...
final-project/quickfix_examples/initiator.properties: {}
final-project/quickfix_examples/initiator.properties: {}
final-project/quickfix_examples/initiator.properties: {}
final-project/quickfix_examples/initiator.properties: {}
final-project/quickfix_examples/initiator.properties: {}
final-project/quickfix_examples/initiator.properties: {}
final-project/quickfix_examples/acceptor.properties: {}
final-project/quickfix_examples/initiator.properties: {}
final-project/quickfix_examples/initiator.properties: {}
final-project/quickfix_examples/initiator.properties: {}
final-project/quickfix_examples/initiator.properties: {}
final-project/quickfix_examples/initiator.properties: {}
final-project/quickfix_examples/initiator.properties: {}
final-project/quickfix_examples/initiator.properties: {}
final-project/quickfix_examples/initiator.properties: {}
final-project/quickfix_examples/initiator.properties: {}
final-project/quickfix_examples/initiator.properties: {}
final-project/quickfix_examples/initiator.properties: {}
final-project/quickfix_examples/initiator.properties: {}
final-project/quickfix_examples/initiator.properties: {}
final-project/quickfix_examples/acceptor.properties: {}
final-project/src/main.ts: {}
final-project/src/main.ts: {}
final-project/src/quickfix_api/quickfix-controller/quickfix-controller.controller.ts: {}
final-project/src/quickfix_api/quickfix-controller/quickfix-controller.controller.ts: Using EditorConfig core...
final-project/src/quickfix_api/quickfix-controller/quickfix-controller.controller.ts: Using EditorConfig core...
final-project/src/quickfix_api/quickfix-controller/quickfix-controller.controller.ts: Using EditorConfig core...
final-project/src/main.ts: Using EditorConfig core...
final-project/src/DTO/TCR_class.dto.ts: {}
final-project/src/DTO/TCR_class.dto.ts: Using EditorConfig core...
final-project/src/DTO/TCR_class.dto.ts: Using EditorConfig core...
final-project/src/DTO/TCR_class.dto.ts: Using EditorConfig core...
final-project/src/DTO/TCR_class.dto.ts: Using EditorConfig core...
final-project/src/DTO/TCR_class.dto.ts: {}
final-project/src/quickfix_api/quickfix-controller/quickfix-controller.controller.ts: {}
final-project/src/main.ts: {}
final-project/src/main.ts: {}
final-project/src/main.ts: {}
final-project/quickfix_examples/initiator.properties: {}
final-project/src/quickfix_api/quickfix-controller/quickfix-controller.controller.ts: {}
final-project/src/quickfix_api/quickfix-controller/quickfix-controller.controller.ts: {}
final-project/src/DTO/StandardHeader.dto.ts: {}
final-project/src/DTO/StandardHeader.dto.ts: {}
final-project/src/DTO/StandardHeader.dto.ts: {}
final-project/src/DTO/StandardHeader.dto.ts: Using EditorConfig core...
final-project/src/DTO/StandardHeader.dto.ts: {}
final-project/src/DTO/StandardHeader.dto.ts: {}
final-project/quickfix_examples/initiator.properties: {}
final-project/src/DTO/StandardHeader.dto.ts: {}
final-project/src/DTO/StandardHeader.dto.ts: {}
final-project/src/DTO/StandardHeader.dto.ts: Using EditorConfig core...
final-project/src/DTO/StandardHeader.dto.ts: Using EditorConfig core...
final-project/src/main.ts: {}
final-project/src/main.ts: Using EditorConfig core...
final-project/src/main.ts: Using EditorConfig core...
final-project/src/DTO/StandardHeader.dto.ts: {}
final-project/src/DTO/StandardHeader.dto.ts: Using EditorConfig core...
final-project/src/quickfix_api/quickfix-controller/quickfix-controller.controller.ts: {}
final-project/src/quickfix_api/quickfix-controller/quickfix-controller.controller.ts: Using EditorConfig core...
final-project/src/quickfix_api/quickfix-controller/quickfix-controller.controller.ts: Using EditorConfig core...
final-project/src/DTO/StandardHeader.dto.ts: {}
final-project/src/DTO/StandardHeader.dto.ts: Using EditorConfig core...
final-project/src/quickfix_api/quickfix-controller/quickfix-controller.controller.ts: {}
final-project/src/quickfix_api/quickfix-controller/quickfix-controller.controller.ts: Using EditorConfig core...
final-project/src/DTO/StandardHeader.dto.ts: {}
final-project/src/DTO/StandardHeader.dto.ts: {}
final-project/src/DTO/StandardHeader.dto.ts: {}
final-project/src/quickfix_api/quickfix-controller/quickfix-controller.controller.ts: {}
final-project/src/DTO/StandardHeader.dto.ts: {}
final-project/src/DTO/StandardHeader.dto.ts: {}
final-project/src/DTO/StandardHeader.dto.ts: Using EditorConfig core...
final-project/src/DTO/StandardHeader.dto.ts: Using EditorConfig core...
final-project/src/main.ts: {}
final-project/src/quickfix_api/quickfix-controller/quickfix-controller.controller.ts: {}
final-project/src/main.ts: {}
final-project/src/DTO/StandardHeader.dto.ts: {}
final-project/src/DTO/StandardHeader.dto.ts: Using EditorConfig core...
final-project/src/DTO/StandardHeader.dto.ts: {}
final-project/src/DTO/StandardHeader.dto.ts: Using EditorConfig core...
final-project/src/DTO/StandardHeader.dto.ts: {}
final-project/src/DTO/StandardHeader.dto.ts: {}
final-project/src/DTO/StandardHeader.dto.ts: {}
final-project/src/DTO/StandardHeader.dto.ts: {}
final-project/src/DTO/StandardHeader.dto.ts: Using EditorConfig core...
final-project/src/DTO/StandardHeader.dto.ts: {}
final-project/src/DTO/StandardHeader.dto.ts: {}
final-project/src/main.ts: {}
final-project/src/StandardHeader.dto.ts: {}
final-project/src/StandardHeader.dto.ts: Using EditorConfig core...
final-project/src/StandardHeader.dto.ts: {}
final-project/src/StandardHeader.dto.ts: {}
final-project/src/main.ts: {}
final-project/src/main.ts: Using EditorConfig core...
final-project/src/main.ts: Using EditorConfig core...
final-project/src/main.ts: {}
final-project/src/quickfix_api/quickfix-controller/quickfix-controller.controller.ts: {}
final-project/src/quickfix_api/quickfix-controller/quickfix-controller.controller.ts: Using EditorConfig core...
final-project/src/quickfix_api/quickfix-controller/quickfix-controller.controller.ts: {}
final-project/src/StandardHeader.dto.ts: {}
final-project/src/StandardHeader.dto.ts: {}
final-project/src/StandardHeader.dto.ts: {}
final-project/src/StandardHeader.dto.ts: Using EditorConfig core...
final-project/src/StandardHeader.dto.ts: {}
final-project/src/StandardHeader.dto.ts: Using EditorConfig core...
final-project/src/StandardHeader.dto.ts: {}
final-project/src/StandardHeader.dto.ts: {}
final-project/src/StandardHeader.dto.ts: {}
final-project/src/StandardHeader.dto.ts: Using EditorConfig core...
final-project/src/StandardHeader.dto.ts: {}
final-project/src/StandardHeader.dto.ts: Using EditorConfig core...
final-project/src/StandardHeader.dto.ts: {}
final-project/src/StandardHeader.dto.ts: {}
final-project/src/initiator.properties: {}
final-project/src/StandardHeader.dto.ts: {}
final-project/src/initiator.properties: {}
final-project/src/initiator.properties: {}
final-project/src/StandardHeader.dto.ts: {}
final-project/src/initiator.properties: {}
final-project/src/StandardHeader.dto.ts: {}
final-project/src/StandardHeader.dto.ts: Using EditorConfig core...
final-project/src/StandardHeader.dto.ts: Using EditorConfig core...
final-project/src/StandardHeader.dto.ts: {}
final-project/src/quickfix_api/quickfix-controller/quickfix-controller.controller.ts: {}
final-project/src/StandardHeader.dto.ts: {}
final-project/src/StandardHeader.dto.ts: Using EditorConfig core...
final-project/src/StandardHeader.dto.ts: {}
final-project/src/StandardHeader.dto.ts: {}
final-project/src/StandardHeader.dto.ts: Using EditorConfig core...
final-project/src/StandardHeader.dto.ts: {}
final-project/src/StandardHeader.dto.ts: {}
final-project/src/initiator.properties: {}
final-project/src/StandardHeader.dto.ts: {}
final-project/src/initiator.properties: {}
final-project/src/StandardHeader.dto.ts: {}
final-project/src/initiator.properties: {}
final-project/src/StandardHeader.dto.ts: {}
final-project/src/StandardHeader.dto.ts: {}
final-project/src/StandardHeader.dto.ts: {}
final-project/src/StandardHeader.dto.ts: {}
final-project/src/StandardHeader.dto.ts: {}
final-project/src/initiator.properties: {}
final-project/src/StandardHeader.dto.ts: {}
final-project/src/StandardHeader.dto.ts: Using EditorConfig core...
final-project/src/StandardHeader.dto.ts: Using EditorConfig core...
final-project/src/StandardHeader.dto.ts: {}
final-project/src/StandardHeader.dto.ts: {}
final-project/src/StandardHeader.dto.ts: Using EditorConfig core...
final-project/src/initiator.properties: {}
final-project/src/StandardHeader.dto.ts: {}
final-project/src/quickfix_api/quickfix-controller/quickfix-controller.controller.ts: {}
final-project/src/main.ts: {}
No more open editors.
final-project/src/DTO/StandardHeader.dto.ts: {}
final-project/src/DTO/StandardHeader.dto.ts: {}
final-project/src/DTO/StandardHeader.dto.ts: {}
final-project/src/DTO/StandardHeader.dto.ts: {}
final-project/src/DTO/StandardHeader.dto.ts: {}
final-project/src/DTO/StandardHeader.dto.ts: {}
final-project/src/DTO/StandardHeader.dto.ts: {}
final-project/src/DTO/StandardHeader.dto.ts: Using EditorConfig core...
final-project/src/DTO/StandardHeader.dto.ts: {}
final-project/src/main.ts: {}
final-project/src/main.ts: Using EditorConfig core...
final-project/src/quickfix_api/quickfix-controller/quickfix-controller.controller.ts: {}
final-project/src/quickfix_api/quickfix-controller/quickfix-controller.controller.ts: Using EditorConfig core...
final-project/src/DTO/StandardHeader.dto.ts: {}
final-project/src/DTO/StandardHeader.dto.ts: Using EditorConfig core...
final-project/src/common-services/header-service/header-service.service.spec.ts: {}
final-project/src/common-services/header-service/header-service.service.ts: {}
final-project/src/common-services/header-service/header-service.service.ts: Using EditorConfig core...
final-project/src/common-services/header-service/header-service.service.ts: Using EditorConfig core...
final-project/src/common-services/header-service/header-service.service.ts: Using EditorConfig core...
final-project/src/quickfix_api/quickfix-controller/quickfix-controller.controller.ts: {}
final-project/src/main.ts: {}
final-project/src/DTO/StandardHeader.dto.ts: {}
final-project/src/common-services/header-service/header-service.service.ts: {}
final-project/src/common-services/header-service/header-service.service.ts: Using EditorConfig core...
final-project/src/common-services/header-service/header-service.service.ts: Using EditorConfig core...
final-project/src/DTO/StandardHeader.dto.ts: {}
final-project/src/common-services/header-service/header-service.service.ts: {}
final-project/src/common-services/header-service/header-service.service.ts: Using EditorConfig core...
final-project/src/quickfix_api/quickfix-controller/quickfix-controller.controller.ts: {}
final-project/src/DTO/StandardHeader.dto.ts: {}
final-project/src/common-services/header-service/header-service.service.ts: {}
final-project/src/common-services/header-service/header-service.service.ts: Using EditorConfig core...
final-project/src/common-services/header-service/header-service.service.ts: Using EditorConfig core...
final-project/src/quickfix_api/quickfix-controller/quickfix-controller.controller.ts: {}
final-project/src/common-services/header-service/header-service.service.ts: {}
final-project/src/DTO/StandardHeader.dto.ts: {}
final-project/src/common-services/header-service/header-service.service.ts: {}
final-project/src/DTO/StandardHeader.dto.ts: {}
final-project/src/common-services/header-service/header-service.service.ts: {}
final-project/src/initiator.properties: {}
final-project/src/common-services/header-service/header-service.service.ts: {}
final-project/quickfix_examples/spec/FIX50SP2.xml: {}
final-project/src/common-services/header-service/header-service.service.ts: {}
final-project/src/common-services/header-service/header-service.service.ts: Using EditorConfig core...
final-project/src/common-services/header-service/header-service.service.ts: Using EditorConfig core...
final-project/src/common-services/header-service/header-service.service.ts: Using EditorConfig core...
final-project/src/common-services/header-service/header-service.service.ts: Using EditorConfig core...
final-project/src/common-services/header-service/header-service.service.ts: Using EditorConfig core...
final-project/src/common-services/header-service/header-service.service.ts: Using EditorConfig core...
final-project/src/common-services/header-service/header-service.service.ts: Using EditorConfig core...
final-project/src/common-services/header-service/header-service.service.ts: Using EditorConfig core...
final-project/src/common-services/header-service/header-service.service.ts: Using EditorConfig core...
final-project/src/common-services/header-service/header-service.service.ts: Using EditorConfig core...
final-project/src/DTO/StandardHeader.dto.ts: {}
final-project/src/DTO/StandardHeader.dto.ts: Using EditorConfig core...
final-project/src/DTO/StandardHeader.dto.ts: Using EditorConfig core...
final-project/src/common-services/header-service/header-service.service.ts: {}
final-project/quickfix_examples/spec/FIX50SP2.xml: {}
final-project/src/quickfix_api/quickfix-controller/quickfix-controller.controller.ts: {}
final-project/src/main.ts: {}
final-project/src/main.ts: Using EditorConfig core...
final-project/src/initiator.properties: {}
final-project/src/initiator.properties: {}
final-project/src/main.ts: {}
No more open editors.
final-project/src/DTO/StandardHeader.dto.ts: {}
final-project/src/common-services/header-service/header-service.service.ts: {}
final-project/src/common-services/header-service/header-service.service.ts: Using EditorConfig core...
final-project/src/common-services/header-service/header-service.service.ts: {}
final-project/src/common-services/header-service/header-service.service.ts: {}
final-project/src/common-services/header-service/header-service.service.ts: {}
final-project/src/common-services/header-service/header-service.service.ts: {}
final-project/src/initiator.properties: {}
final-project/src/initiator.properties: Using EditorConfig core...
final-project/quickfix_examples/acceptor.properties: {}
final-project/quickfix_examples/acceptor.properties: Using EditorConfig core...
final-project/quickfix_examples/acceptor.js: {}
final-project/quickfix_examples/acceptor.js: Using EditorConfig core...
final-project/quickfix_examples/acceptor.js: Using EditorConfig core...
final-project/quickfix_examples/acceptor.properties: {}
final-project/src/main.ts: {}
final-project/src/main.ts: Using EditorConfig core...
final-project/quickfix_examples/acceptor.properties: {}
final-project/src/initiator.properties: {}
No more open editors.
No more open editors.
final-project/src/initiator.properties: {}
final-project/src/initiator.properties: Using EditorConfig core...
final-project/src/initiator.properties: {}
final-project/quickfix_examples/acceptor.js: {}
final-project/quickfix_examples/acceptor.js: {}
final-project/quickfix_examples/acceptor.properties: {}
final-project/src/initiator.properties: {}
final-project/src/initiator.properties: Using EditorConfig core...
final-project/src/initiator.properties: {}
final-project/src/quickfix_api/quickfix-controller/quickfix-controller.controller.ts: {}
