Initializing document watcher...
Detected change in configuration: {}
Riya_Foods/verifyaccount.php: {}
Riya_Foods/signout.php: {}
Riya_Foods/signout.php: Using EditorConfig core...
Riya_Foods/signout.php: Using EditorConfig core...
Riya_Foods/verifyaccount.php: {}
Riya_Foods/verifyaccount.php: Using EditorConfig core...
Riya_Foods/signout.php: {}
Riya_Foods/signout.php: Using EditorConfig core...
Riya_Foods/signout.php: Using EditorConfig core...
Riya_Foods/login.php: {}
Riya_Foods/signout.php: {}
Riya_Foods/signout.php: Using EditorConfig core...
Riya_Foods/login.php: {}
Riya_Foods/shared/individual_components/header_component.php: {}
Riya_Foods/shared/individual_components/header_component.php: {}
Riya_Foods/shared/individual_components/header_component.php: {}
Riya_Foods/shared/individual_components/header_component.php: Using EditorConfig core...
Riya_Foods/shared/individual_components/header_component.php: Using EditorConfig core...
Riya_Foods/shared/individual_components/header_component.php: Using EditorConfig core...
Riya_Foods/shared/individual_components/header_component.php: {}
Riya_Foods/shared/individual_components/header_component.php: Using EditorConfig core...
Riya_Foods/shared/individual_components/header_component.php: {}
Riya_Foods/login.php: {}
Riya_Foods/login.php: Using EditorConfig core...
Riya_Foods/shared/classsignup.php: {}
Riya_Foods/shared/classsignup.php: Using EditorConfig core...
Riya_Foods/shared/classsignup.php: {}
Riya_Foods/shared/classsignup.php: Using EditorConfig core...
Riya_Foods/shared/classsignup.php: {}
Riya_Foods/shared/classsignup.php: {}
Riya_Foods/login.php: {}
Riya_Foods/login.php: {}
Riya_Foods/shared/individual_components/header_component.php: {}
Riya_Foods/login.php: {}
Riya_Foods/shared/individual_components/header_component.php: {}
Riya_Foods/index.php: {}
Riya_Foods/index.php: Using EditorConfig core...
Riya_Foods/index.php: {}
Riya_Foods/index.php: {}
Riya_Foods/index.php: Using EditorConfig core...
Riya_Foods/index.php: {}
Riya_Foods/index.php: {}
Riya_Foods/shared/individual_components/header_component.php: {}
Riya_Foods/index.php: {}
Riya_Foods/index.php: Using EditorConfig core...
Riya_Foods/index.php: Using EditorConfig core...
Riya_Foods/shared/individual_components/header_component.php: {}
Riya_Foods/index.php: {}
No more open editors.
Riya_Foods/index.php: {}
Riya_Foods/index.php: Using EditorConfig core...
Riya_Foods/index.php: {}
Riya_Foods/index.php: {}
Riya_Foods/login.php: {}
Riya_Foods/login.php: {}
Riya_Foods/shared/classsignup.php: {}
Riya_Foods/shared/classsignup.php: Using EditorConfig core...
Riya_Foods/index.php: {}
Riya_Foods/index.php: {}
Riya_Foods/login.php: {}
Riya_Foods/login.php: {}
Riya_Foods/login.php: Using EditorConfig core...
Riya_Foods/login.php: {}
Riya_Foods/login.php: {}
Riya_Foods/login.php: Using EditorConfig core...
Riya_Foods/login.php: {}
Riya_Foods/login.php: {}
Riya_Foods/shared/individual_components/header_component.php: {}
Riya_Foods/login.php: {}
Riya_Foods/login.php: {}
Riya_Foods/login.php: {}
Riya_Foods/index.php: {}
