[2019-06-04 12:52:16.244] [exthost] [info] extension host started
[2019-06-04 12:52:16.379] [exthost] [info] ExtensionService#_doActivateExtension vscode.debug-auto-launch {"startup":true,"activationEvent":"*"}
[2019-06-04 12:52:16.379] [exthost] [info] ExtensionService#loadCommonJSModule /usr/share/code/resources/app/extensions/debug-auto-launch/dist/extension
[2019-06-04 12:52:16.421] [exthost] [info] ExtensionService#_doActivateExtension vscode.emmet {"startup":true,"activationEvent":"*"}
[2019-06-04 12:52:16.421] [exthost] [info] ExtensionService#loadCommonJSModule /usr/share/code/resources/app/extensions/emmet/dist/extension
[2019-06-04 12:52:16.478] [exthost] [info] ExtensionService#_doActivateExtension vscode.git {"startup":true,"activationEvent":"*"}
[2019-06-04 12:52:16.478] [exthost] [info] ExtensionService#loadCommonJSModule /usr/share/code/resources/app/extensions/git/dist/main
[2019-06-04 12:52:16.818] [exthost] [info] ExtensionService#_doActivateExtension vscode.merge-conflict {"startup":true,"activationEvent":"*"}
[2019-06-04 12:52:16.818] [exthost] [info] ExtensionService#loadCommonJSModule /usr/share/code/resources/app/extensions/merge-conflict/dist/extension
[2019-06-04 12:52:16.927] [exthost] [info] ExtensionService#_doActivateExtension christian-kohler.path-intellisense {"startup":true,"activationEvent":"*"}
[2019-06-04 12:52:16.927] [exthost] [info] ExtensionService#loadCommonJSModule /home/malav/.vscode/extensions/christian-kohler.path-intellisense-1.4.2/out/src/extension
[2019-06-04 12:52:16.980] [exthost] [info] ExtensionService#_doActivateExtension dbaeumer.vscode-eslint {"startup":true,"activationEvent":"*"}
[2019-06-04 12:52:16.980] [exthost] [info] ExtensionService#loadCommonJSModule /home/malav/.vscode/extensions/dbaeumer.vscode-eslint-1.9.0/client/out/extension
[2019-06-04 12:52:17.066] [exthost] [info] ExtensionService#_doActivateExtension eamodio.gitlens {"startup":true,"activationEvent":"*"}
[2019-06-04 12:52:17.066] [exthost] [info] ExtensionService#loadCommonJSModule /home/malav/.vscode/extensions/eamodio.gitlens-9.8.1/dist/extension
[2019-06-04 12:52:17.324] [exthost] [info] ExtensionService#_doActivateExtension EditorConfig.EditorConfig {"startup":true,"activationEvent":"*"}
[2019-06-04 12:52:17.324] [exthost] [info] ExtensionService#loadCommonJSModule /home/malav/.vscode/extensions/editorconfig.editorconfig-0.13.0/out/src/editorConfigMain
[2019-06-04 12:52:17.423] [exthost] [info] ExtensionService#_doActivateExtension formulahendry.auto-close-tag {"startup":true,"activationEvent":"*"}
[2019-06-04 12:52:17.423] [exthost] [info] ExtensionService#loadCommonJSModule /home/malav/.vscode/extensions/formulahendry.auto-close-tag-0.5.6/out/src/extension
[2019-06-04 12:52:17.425] [exthost] [info] ExtensionService#_doActivateExtension HookyQR.beautify {"startup":true,"activationEvent":"*"}
[2019-06-04 12:52:17.425] [exthost] [info] ExtensionService#loadCommonJSModule /home/malav/.vscode/extensions/hookyqr.beautify-1.5.0/extension
[2019-06-04 12:52:17.783] [exthost] [info] ExtensionService#_doActivateExtension kisstkondoros.vscode-codemetrics {"startup":true,"activationEvent":"*"}
[2019-06-04 12:52:17.783] [exthost] [info] ExtensionService#loadCommonJSModule /home/malav/.vscode/extensions/kisstkondoros.vscode-codemetrics-1.18.1/out/src/extension
[2019-06-04 12:52:18.953] [exthost] [info] ExtensionService#_doActivateExtension michelemelluso.gitignore {"startup":true,"activationEvent":"*"}
[2019-06-04 12:52:18.954] [exthost] [info] ExtensionService#loadCommonJSModule /home/malav/.vscode/extensions/michelemelluso.gitignore-1.0.1/out/src/extension
[2019-06-04 12:52:19.008] [exthost] [info] ExtensionService#_doActivateExtension PKief.material-icon-theme {"startup":true,"activationEvent":"*"}
[2019-06-04 12:52:19.008] [exthost] [info] ExtensionService#loadCommonJSModule /home/malav/.vscode/extensions/pkief.material-icon-theme-3.8.0/dist/extension
[2019-06-04 12:52:19.119] [exthost] [info] ExtensionService#_doActivateExtension shardulm94.trailing-spaces {"startup":true,"activationEvent":"*"}
[2019-06-04 12:52:19.119] [exthost] [info] ExtensionService#loadCommonJSModule /home/malav/.vscode/extensions/shardulm94.trailing-spaces-0.3.1/out/src/extension
[2019-06-04 12:52:19.479] [exthost] [info] ExtensionService#_doActivateExtension streetsidesoftware.code-spell-checker {"startup":true,"activationEvent":"*"}
[2019-06-04 12:52:19.479] [exthost] [info] ExtensionService#loadCommonJSModule /home/malav/.vscode/extensions/streetsidesoftware.code-spell-checker-1.7.16/dist/extension
[2019-06-04 12:52:19.696] [exthost] [info] eager extensions activated
[2019-06-04 12:52:38.643] [exthost] [info] extension host started
[2019-06-04 12:52:38.889] [exthost] [info] ExtensionService#_doActivateExtension vscode.php-language-features {"startup":false,"activationEvent":"onLanguage:php"}
[2019-06-04 12:52:38.889] [exthost] [info] ExtensionService#loadCommonJSModule /usr/share/code/resources/app/extensions/php-language-features/dist/phpMain
[2019-06-04 12:52:39.078] [exthost] [info] ExtensionService#_doActivateExtension chrmarti.regex {"startup":false,"activationEvent":"onLanguage:php"}
[2019-06-04 12:52:39.078] [exthost] [info] ExtensionService#loadCommonJSModule /home/malav/.vscode/extensions/chrmarti.regex-0.2.0/out/src/extension
[2019-06-04 12:52:39.217] [exthost] [info] ExtensionService#_doActivateExtension henriiik.docker-linter {"startup":false,"activationEvent":"onLanguage:php"}
[2019-06-04 12:52:39.217] [exthost] [info] ExtensionService#loadCommonJSModule /home/malav/.vscode/extensions/henriiik.docker-linter-0.5.0/out/src/extension
[2019-06-04 12:52:40.801] [exthost] [info] ExtensionService#_doActivateExtension vscode.debug-auto-launch {"startup":true,"activationEvent":"*"}
[2019-06-04 12:52:40.801] [exthost] [info] ExtensionService#loadCommonJSModule /usr/share/code/resources/app/extensions/debug-auto-launch/dist/extension
[2019-06-04 12:52:40.838] [exthost] [info] ExtensionService#_doActivateExtension vscode.emmet {"startup":true,"activationEvent":"*"}
[2019-06-04 12:52:40.838] [exthost] [info] ExtensionService#loadCommonJSModule /usr/share/code/resources/app/extensions/emmet/dist/extension
[2019-06-04 12:52:40.898] [exthost] [info] ExtensionService#_doActivateExtension vscode.git {"startup":true,"activationEvent":"*"}
[2019-06-04 12:52:40.898] [exthost] [info] ExtensionService#loadCommonJSModule /usr/share/code/resources/app/extensions/git/dist/main
[2019-06-04 12:52:41.102] [exthost] [info] ExtensionService#_doActivateExtension vscode.merge-conflict {"startup":true,"activationEvent":"*"}
[2019-06-04 12:52:41.102] [exthost] [info] ExtensionService#loadCommonJSModule /usr/share/code/resources/app/extensions/merge-conflict/dist/extension
[2019-06-04 12:52:41.129] [exthost] [info] ExtensionService#_doActivateExtension christian-kohler.path-intellisense {"startup":true,"activationEvent":"*"}
[2019-06-04 12:52:41.129] [exthost] [info] ExtensionService#loadCommonJSModule /home/malav/.vscode/extensions/christian-kohler.path-intellisense-1.4.2/out/src/extension
[2019-06-04 12:52:41.502] [exthost] [info] ExtensionService#_doActivateExtension dbaeumer.vscode-eslint {"startup":true,"activationEvent":"*"}
[2019-06-04 12:52:41.502] [exthost] [info] ExtensionService#loadCommonJSModule /home/malav/.vscode/extensions/dbaeumer.vscode-eslint-1.9.0/client/out/extension
[2019-06-04 12:52:41.599] [exthost] [info] ExtensionService#_doActivateExtension eamodio.gitlens {"startup":true,"activationEvent":"*"}
[2019-06-04 12:52:41.599] [exthost] [info] ExtensionService#loadCommonJSModule /home/malav/.vscode/extensions/eamodio.gitlens-9.8.1/dist/extension
[2019-06-04 12:52:41.861] [exthost] [info] ExtensionService#_doActivateExtension EditorConfig.EditorConfig {"startup":true,"activationEvent":"*"}
[2019-06-04 12:52:41.861] [exthost] [info] ExtensionService#loadCommonJSModule /home/malav/.vscode/extensions/editorconfig.editorconfig-0.13.0/out/src/editorConfigMain
[2019-06-04 12:52:42.125] [exthost] [info] ExtensionService#_doActivateExtension formulahendry.auto-close-tag {"startup":true,"activationEvent":"*"}
[2019-06-04 12:52:42.125] [exthost] [info] ExtensionService#loadCommonJSModule /home/malav/.vscode/extensions/formulahendry.auto-close-tag-0.5.6/out/src/extension
[2019-06-04 12:52:42.190] [exthost] [info] ExtensionService#_doActivateExtension HookyQR.beautify {"startup":true,"activationEvent":"*"}
[2019-06-04 12:52:42.190] [exthost] [info] ExtensionService#loadCommonJSModule /home/malav/.vscode/extensions/hookyqr.beautify-1.5.0/extension
[2019-06-04 12:52:43.014] [exthost] [info] ExtensionService#_doActivateExtension kisstkondoros.vscode-codemetrics {"startup":true,"activationEvent":"*"}
[2019-06-04 12:52:43.014] [exthost] [info] ExtensionService#loadCommonJSModule /home/malav/.vscode/extensions/kisstkondoros.vscode-codemetrics-1.18.1/out/src/extension
[2019-06-04 12:52:44.123] [exthost] [info] ExtensionService#_doActivateExtension michelemelluso.gitignore {"startup":true,"activationEvent":"*"}
[2019-06-04 12:52:44.123] [exthost] [info] ExtensionService#loadCommonJSModule /home/malav/.vscode/extensions/michelemelluso.gitignore-1.0.1/out/src/extension
[2019-06-04 12:52:44.141] [exthost] [info] ExtensionService#_doActivateExtension PKief.material-icon-theme {"startup":true,"activationEvent":"*"}
[2019-06-04 12:52:44.141] [exthost] [info] ExtensionService#loadCommonJSModule /home/malav/.vscode/extensions/pkief.material-icon-theme-3.8.0/dist/extension
[2019-06-04 12:52:44.189] [exthost] [info] ExtensionService#_doActivateExtension shardulm94.trailing-spaces {"startup":true,"activationEvent":"*"}
[2019-06-04 12:52:44.189] [exthost] [info] ExtensionService#loadCommonJSModule /home/malav/.vscode/extensions/shardulm94.trailing-spaces-0.3.1/out/src/extension
[2019-06-04 12:52:44.329] [exthost] [info] ExtensionService#_doActivateExtension streetsidesoftware.code-spell-checker {"startup":true,"activationEvent":"*"}
[2019-06-04 12:52:44.329] [exthost] [info] ExtensionService#loadCommonJSModule /home/malav/.vscode/extensions/streetsidesoftware.code-spell-checker-1.7.16/dist/extension
[2019-06-04 12:52:44.517] [exthost] [info] eager extensions activated
