Initializing document watcher...
Detected change in configuration: {}
Riya_Foods/login.php: {}
Riya_Foods/contact-us.php: {}
Riya_Foods/contactus.php: {}
Riya_Foods/contact-us.php: {}
Riya_Foods/index.php: {}
Riya_Foods/contactus.php: {}
Riya_Foods/index.php: {}
Riya_Foods/contactus.php: {}
Riya_Foods/index.php: {}
Riya_Foods/contactus.php: {}
Riya_Foods/contact-us.php: {}
Riya_Foods/contactus.php: {}
Riya_Foods/contactus.php: Using EditorConfig core...
Riya_Foods/contact-us.php: {}
Riya_Foods/contactus.php: {}
Riya_Foods/contactus.php: Using EditorConfig core...
Riya_Foods/contactus.php: {}
Riya_Foods/shared/classcontact.php: {}
Riya_Foods/shared/classcontact.php: Using EditorConfig core...
Riya_Foods/contactus.php: {}
Riya_Foods/contactus.php: Using EditorConfig core...
Riya_Foods/contactus.php: Using EditorConfig core...
Riya_Foods/contactus.php: {}
Riya_Foods/contactus.php: Using EditorConfig core...
Riya_Foods/contactus.php: {}
Riya_Foods/contactus.php: {}
Riya_Foods/shared/classcontact.php: {}
Riya_Foods/shared/classcontact.php: Using EditorConfig core...
Riya_Foods/shared/classcontact.php: {}
Riya_Foods/contactus.php: {}
Riya_Foods/contactus.php: Using EditorConfig core...
Riya_Foods/contactus.php: Using EditorConfig core...
Riya_Foods/contactus.php: {}
Riya_Foods/contactus.php: {}
No more open editors.
Riya_Foods/cart.php: {}
Riya_Foods/cart.php: {}
Riya_Foods/contactus.php: {}
Riya_Foods/contactus.php: Using EditorConfig core...
Riya_Foods/contactus.php: {}
Riya_Foods/contactus.php: {}
Riya_Foods/contactus.php: {}
Riya_Foods/contactus.php: Using EditorConfig core...
Riya_Foods/contactus.php: Using EditorConfig core...
Riya_Foods/contactus.php: Using EditorConfig core...
Riya_Foods/contactus.php: {}
Riya_Foods/shared/classcontact.php: {}
Riya_Foods/shared/classcontact.php: Using EditorConfig core...
Riya_Foods/shared/classcontact.php: Using EditorConfig core...
Riya_Foods/contactus.php: {}
Riya_Foods/contact-us.php: {}
Riya_Foods/contactus.php: {}
Riya_Foods/contact-us.php: {}
Riya_Foods/contactus.php: {}
Riya_Foods/contactus.php: Using EditorConfig core...
Riya_Foods/contactus.php: {}
Riya_Foods/contactus.php: Using EditorConfig core...
Riya_Foods/contactus.php: {}
Riya_Foods/contactus.php: Using EditorConfig core...
Riya_Foods/contactus.php: {}
Riya_Foods/contactus.php: Using EditorConfig core...
Riya_Foods/contactus.php: {}
Riya_Foods/contactus.php: Using EditorConfig core...
Riya_Foods/contactus.php: {}
Riya_Foods/contactus.php: Using EditorConfig core...
Riya_Foods/contactus.php: {}
Riya_Foods/contactus.php: Using EditorConfig core...
Riya_Foods/contactus.php: Using EditorConfig core...
Riya_Foods/contactus.php: {}
Riya_Foods/contactus.php: Using EditorConfig core...
Riya_Foods/contactus.php: Using EditorConfig core...
Riya_Foods/shared/individual_components/header_component.php: {}
Riya_Foods/shared/individual_components/header_component.php: Using EditorConfig core...
Riya_Foods/contactus.php: {}
No more open editors.
No more open editors.
No more open editors.
Riya_Foods/shared/classcontact.php: {}
Riya_Foods/sendemail.php: {}
Riya_Foods/shared/classcontact.php: {}
Riya_Foods/shared/classmail.php: {}
Riya_Foods/shared/classcontact.php: {}
Riya_Foods/shared/classcontact.php: {}
Riya_Foods/shared/classcontact.php: {}
Riya_Foods/shared/classcontact.php: {}
Riya_Foods/shared/classcontact.php: {}
Riya_Foods/shared/classcontact.php: {}
Riya_Foods/shared/classcontact.php: {}
Riya_Foods/shared/classcontact.php: {}
Riya_Foods/shared/classcontact.php: {}
Riya_Foods/shared/classcontact.php: {}
Riya_Foods/shared/classcontact.php: {}
Riya_Foods/shared/classcontact.php: {}
Riya_Foods/shared/classcontact.php: {}
No more open editors.
Riya_Foods/login.php: {}
Riya_Foods/shared/classcontact.php: {}
No more open editors.
Riya_Foods/shared/classmail.php: {}
Riya_Foods/shared/classcontact.php: {}
Riya_Foods/login.php: {}
Riya_Foods/login.php: {}
Riya_Foods/shared/classcontact.php: {}
Riya_Foods/shared/classcontact.php: {}
Riya_Foods/checkout.html: {}
Riya_Foods/shared/classcontact.php: {}
Riya_Foods/shared/classcart.php: {}
Riya_Foods/shared/classcontact.php: {}
Riya_Foods/shared/classcontact.php: Using EditorConfig core...
Riya_Foods/shared/classcontact.php: {}
Riya_Foods/shared/classcontact.php: {}
Riya_Foods/shared/classcart.php: {}
Riya_Foods/shared/classcontact.php: {}
Riya_Foods/shared/classcontact.php: Using EditorConfig core...
Riya_Foods/shared/classcontact.php: Using EditorConfig core...
Riya_Foods/shared/classcontact.php: Using EditorConfig core...
Riya_Foods/shared/classcontact.php: {}
Riya_Foods/shared/classcontact.php: Using EditorConfig core...
Riya_Foods/shared/classcontact.php: Using EditorConfig core...
Riya_Foods/shared/classcontact.php: Using EditorConfig core...
Riya_Foods/shared/classcontact.php: {}
Riya_Foods/shared/classcontact.php: Using EditorConfig core...
Riya_Foods/shared/classcontact.php: {}
Riya_Foods/shared/classcontact.php: {}
Riya_Foods/shared/classcontact.php: Using EditorConfig core...
Riya_Foods/shared/classcontact.php: {}
Riya_Foods/shared/classmail.php: {}
Riya_Foods/shared/classcontact.php: {}
Riya_Foods/shared/classcontact.php: Using EditorConfig core...
Riya_Foods/shared/classcontact.php: Using EditorConfig core...
Riya_Foods/shared/classcontact.php: {}
Riya_Foods/shared/classcontact.php: {}
Riya_Foods/shared/classcontact.php: {}
Riya_Foods/shared/classcontact.php: {}
Riya_Foods/shared/classcontact.php: Using EditorConfig core...
Riya_Foods/shared/classcontact.php: Using EditorConfig core...
Riya_Foods/shared/classcontact.php: {}
Riya_Foods/shared/classcontact.php: {}
Riya_Foods/shared/classcontact.php: Using EditorConfig core...
Riya_Foods/shared/classcontact.php: Using EditorConfig core...
Riya_Foods/shared/classcontact.php: {}
Riya_Foods/shared/classcontact.php: {}
Riya_Foods/shared/classcontact.php: {}
Riya_Foods/shared/classcontact.php: Using EditorConfig core...
Riya_Foods/shared/classcontact.php: {}
Riya_Foods/shared/classcontact.php: Using EditorConfig core...
Riya_Foods/shared/classcontact.php: {}
Riya_Foods/shared/classcontact.php: Using EditorConfig core...
Riya_Foods/shared/classcontact.php: {}
Riya_Foods/shared/classcontact.php: {}
Riya_Foods/shared/classcontact.php: Using EditorConfig core...
Riya_Foods/shared/classcontact.php: {}
Riya_Foods/shared/classcontact.php: Using EditorConfig core...
Riya_Foods/shared/classcontact.php: {}
Riya_Foods/shared/classcontact.php: {}
Riya_Foods/shared/classcontact.php: {}
Riya_Foods/shared/classcontact.php: Using EditorConfig core...
Riya_Foods/shared/classcontact.php: {}
Riya_Foods/shared/classcontact.php: {}
Riya_Foods/shared/classcontact.php: {}
Riya_Foods/shared/classcontact.php: Using EditorConfig core...
Riya_Foods/shared/classcontact.php: {}
Riya_Foods/shared/classcontact.php: Using EditorConfig core...
Riya_Foods/shared/classcontact.php: {}
Riya_Foods/shared/classmail.php: {}
Riya_Foods/shared/classmail.php: Using EditorConfig core...
Riya_Foods/shared/classmail.php: Using EditorConfig core...
Riya_Foods/shared/classmail.php: {}
Riya_Foods/shared/classmail.php: Using EditorConfig core...
Riya_Foods/shared/classcontact.php: {}
Riya_Foods/shared/classcontact.php: Using EditorConfig core...
No more open editors.
No more open editors.
No more open editors.
Riya_Foods/login.php: {}
Riya_Foods/login.php: {}
Riya_Foods/login.php: Using EditorConfig core...
Riya_Foods/login.php: {}
Riya_Foods/login.php: Using EditorConfig core...
Riya_Foods/login.php: Using EditorConfig core...
Riya_Foods/login.php: Using EditorConfig core...
Riya_Foods/login.php: Using EditorConfig core...
Riya_Foods/login.php: Using EditorConfig core...
Riya_Foods/shared/classmail.php: {}
Riya_Foods/login.php: {}
No more open editors.
Riya_Foods/cart.php: {}
Riya_Foods/shared/classcart.php: {}
Riya_Foods/login.php: {}
Riya_Foods/shared/classcart.php: {}
Riya_Foods/shared/classmail.php: {}
Riya_Foods/login.php: {}
Riya_Foods/login.php: Using EditorConfig core...
Riya_Foods/login.php: Using EditorConfig core...
Riya_Foods/login.php: {}
Riya_Foods/login.php: {}
Riya_Foods/login.php: {}
Riya_Foods/login.php: {}
Riya_Foods/login.php: {}
Riya_Foods/login.php: {}
Riya_Foods/login.php: {}
Riya_Foods/login.php: Using EditorConfig core...
Riya_Foods/login.php: {}
Riya_Foods/login.php: Using EditorConfig core...
Riya_Foods/login.php: {}
Riya_Foods/login.php: Using EditorConfig core...
Riya_Foods/login.php: Using EditorConfig core...
Riya_Foods/login.php: {}
Riya_Foods/shared/classsignup.php: {}
Riya_Foods/shared/classsignup.php: {}
Riya_Foods/shared/classsignup.php: Using EditorConfig core...
Riya_Foods/shared/classsignup.php: {}
Riya_Foods/shared/classsignup.php: Using EditorConfig core...
Riya_Foods/shared/classsignup.php: {}
Riya_Foods/shared/classsignup.php: {}
Riya_Foods/shared/classsignup.php: {}
Riya_Foods/shared/classsignup.php: {}
Riya_Foods/shared/classsignup.php: {}
Riya_Foods/shared/classsignup.php: Using EditorConfig core...
Riya_Foods/login.php: {}
Riya_Foods/shared/classsignup.php: {}
Riya_Foods/shared/classsignup.php: {}
Riya_Foods/shared/classsignup.php: {}
Riya_Foods/shared/classsignup.php: {}
Riya_Foods/shared/classsignup.php: Using EditorConfig core...
Riya_Foods/shared/classsignup.php: {}
Riya_Foods/shared/classsignup.php: {}
Riya_Foods/shared/classsignup.php: {}
Riya_Foods/shared/classsignup.php: Using EditorConfig core...
Riya_Foods/shared/classsignup.php: Using EditorConfig core...
Riya_Foods/login.php: {}
Riya_Foods/contactus.php: {}
Riya_Foods/contactus.php: Using EditorConfig core...
Riya_Foods/login.php: {}
Riya_Foods/login.php: Using EditorConfig core...
Riya_Foods/login.php: Using EditorConfig core...
Riya_Foods/verifyaccount.php: {}
Riya_Foods/verifyaccount.php: Using EditorConfig core...
Riya_Foods/shared/classsignup.php: {}
Riya_Foods/shared/classsignup.php: {}
Riya_Foods/shared/classsignup.php: {}
Riya_Foods/shared/classsignup.php: {}
Riya_Foods/shared/classsignup.php: {}
Riya_Foods/shared/classsignup.php: {}
Riya_Foods/shared/classsignup.php: {}
Riya_Foods/shared/classsignup.php: {}
Riya_Foods/shared/classsignup.php: {}
Riya_Foods/shared/classsignup.php: {}
Riya_Foods/shared/classsignup.php: {}
Riya_Foods/shared/classsignup.php: {}
Riya_Foods/shared/classsignup.php: {}
Riya_Foods/shared/classsignup.php: {}
Riya_Foods/shared/classsignup.php: {}
Riya_Foods/shared/classsignup.php: {}
Riya_Foods/shared/classsignup.php: {}
Riya_Foods/shared/classsignup.php: {}
Riya_Foods/shared/classsignup.php: {}
Riya_Foods/shared/classsignup.php: {}
Riya_Foods/shared/classsignup.php: {}
Riya_Foods/shared/classsignup.php: {}
Riya_Foods/shared/classsignup.php: Using EditorConfig core...
Riya_Foods/shared/classsignup.php: Using EditorConfig core...
Riya_Foods/shared/classsignup.php: {}
Riya_Foods/shared/classsignup.php: {}
Riya_Foods/shared/classsignup.php: Using EditorConfig core...
Riya_Foods/shared/classsignup.php: {}
Riya_Foods/shared/classsignup.php: {}
Riya_Foods/shared/classsignup.php: Using EditorConfig core...
Riya_Foods/shared/classsignup.php: {}
Riya_Foods/verifyaccount.php: {}
Riya_Foods/shared/classsignup.php: {}
Riya_Foods/verifyaccount.php: {}
Riya_Foods/login.php: {}
Riya_Foods/shared/classsignup.php: {}
Riya_Foods/verifyaccount.php: {}
Riya_Foods/shared/classsignup.php: {}
Riya_Foods/shared/classsignup.php: {}
Riya_Foods/verifyaccount.php: {}
Riya_Foods/shared/classsignup.php: {}
Riya_Foods/verifyaccount.php: {}
Riya_Foods/login.php: {}
Riya_Foods/cart.php: {}
Riya_Foods/verifyaccount.php: {}
Riya_Foods/shared/classsignup.php: {}
Riya_Foods/login.php: {}
Riya_Foods/verifyaccount.php: {}
Riya_Foods/verifyaccount.php: Using EditorConfig core...
Riya_Foods/verifyaccount.php: Using EditorConfig core...
Riya_Foods/cart.php: {}
Riya_Foods/verifyaccount.php: {}
Riya_Foods/login.php: {}
No more open editors.
Riya_Foods/shared/classsignup.php: {}
Riya_Foods/login.php: {}
Riya_Foods/login.php: Using EditorConfig core...
Riya_Foods/login.php: {}
Riya_Foods/login.php: Using EditorConfig core...
Riya_Foods/login.php: {}
Riya_Foods/login.php: Using EditorConfig core...
Riya_Foods/login.php: {}
Riya_Foods/login.php: {}
Riya_Foods/login.php: Using EditorConfig core...
Riya_Foods/login.php: {}
Riya_Foods/login.php: Using EditorConfig core...
Riya_Foods/login.php: {}
Riya_Foods/login.php: {}
Riya_Foods/login.php: {}
Riya_Foods/login.php: {}
Riya_Foods/login.php: Using EditorConfig core...
Riya_Foods/login.php: Using EditorConfig core...
Riya_Foods/login.php: {}
Riya_Foods/login.php: {}
Riya_Foods/login.php: Using EditorConfig core...
Riya_Foods/login.php: {}
Riya_Foods/login.php: Using EditorConfig core...
Riya_Foods/login.php: {}
Riya_Foods/login.php: {}
Riya_Foods/login.php: {}
Riya_Foods/login.php: {}
Riya_Foods/login.php: {}
Riya_Foods/login.php: {}
Riya_Foods/login.php: Using EditorConfig core...
Riya_Foods/login.php: {}
Riya_Foods/login.php: {}
Riya_Foods/login.php: {}
Riya_Foods/login.php: {}
Riya_Foods/login.php: Using EditorConfig core...
Riya_Foods/login.php: {}
Riya_Foods/index.php: {}
Riya_Foods/login.php: {}
Riya_Foods/login.php: Using EditorConfig core...
Riya_Foods/login.php: {}
Riya_Foods/login.php: Using EditorConfig core...
Riya_Foods/verifyaccount.php: {}
Riya_Foods/verifyaccount.php: Using EditorConfig core...
Riya_Foods/login.php: {}
Riya_Foods/login.php: Using EditorConfig core...
Riya_Foods/verifyaccount.php: {}
Riya_Foods/verifyaccount.php: {}
Riya_Foods/verifyaccount.php: {}
Riya_Foods/verifyaccount.php: Using EditorConfig core...
Riya_Foods/index.php: {}
Riya_Foods/verifyaccount.php: {}
Riya_Foods/index.php: {}
Riya_Foods/login.php: {}
Riya_Foods/verifyaccount.php: {}
Riya_Foods/login.php: {}
Riya_Foods/verifyaccount.php: {}
Riya_Foods/index.php: {}
Riya_Foods/verifyaccount.php: {}
Riya_Foods/index.php: {}
Riya_Foods/verifyaccount.php: {}
Riya_Foods/verifyaccount.php: Using EditorConfig core...
Riya_Foods/index.php: {}
Riya_Foods/verifyaccount.php: {}
Riya_Foods/verifyaccount.php: Using EditorConfig core...
Riya_Foods/verifyaccount.php: {}
Riya_Foods/login.php: {}
Riya_Foods/login.php: Using EditorConfig core...
Riya_Foods/login.php: {}
Riya_Foods/login.php: Using EditorConfig core...
Riya_Foods/login.php: {}
Riya_Foods/login.php: Using EditorConfig core...
Riya_Foods/login.php: Using EditorConfig core...
Riya_Foods/verifyaccount.php: {}
Riya_Foods/verifyaccount.php: Using EditorConfig core...
Riya_Foods/index.php: {}
Riya_Foods/index.php: {}
No more open editors.
No more open editors.
Riya_Foods/login.php: {}
Riya_Foods/verifyaccount.php: {}
Riya_Foods/login.php: {}
Riya_Foods/login.php: Using EditorConfig core...
Riya_Foods/login.php: {}
Riya_Foods/cart.php: {}
Riya_Foods/signout.php: {}
