[2019-06-16 22:34:04.138] [sharedprocess] [info] main {"machineId":"4d369e8d3298d444adfbdfa23023f8b132d72859a82acf83e6b2c7bb688f84be"}
[2019-06-16 22:34:04.274] [sharedprocess] [info] Scanned user extensions: 7
[2019-06-16 22:34:04.389] [sharedprocess] [info] Scanned user extensions: 7
[2019-06-16 22:34:04.391] [sharedprocess] [info] Scanned user extensions: 7
[2019-06-16 22:34:04.490] [sharedprocess] [info] Deleted from disk fivethree.vscode-ionic-snippets /home/md/.vscode/extensions/fivethree.vscode-ionic-snippets-0.26.0
[2019-06-16 22:34:04.554] [sharedprocess] [info] Scanned system extensions: 72
[2019-06-16 22:34:04.577] [sharedprocess] [info] Scanned system extensions: 72
[2019-06-16 22:34:04.585] [sharedprocess] [info] Scanned system extensions: 72
[2019-06-16 22:34:04.596] [sharedprocess] [info] Deleted from disk johnpapa.angular2 /home/md/.vscode/extensions/johnpapa.angular2-7.1.6
[2019-06-16 22:34:05.377] [sharedprocess] [info] Scanned user extensions: 7
[2019-06-16 22:34:20.738] [sharedprocess] [info] Scanned user extensions: 7
[2019-06-16 22:34:20.750] [sharedprocess] [info] Scanned user extensions: 7
[2019-06-16 22:34:20.956] [sharedprocess] [info] Scanned system extensions: 72
[2019-06-16 22:34:20.963] [sharedprocess] [info] Scanned system extensions: 72
[2019-06-16 22:34:23.253] [sharedprocess] [info] Scanned user extensions: 7
[2019-06-16 22:34:44.153] [sharedprocess] [info] Starting to clean up unused language packs.
[2019-06-16 22:39:23.293] [sharedprocess] [info] Scanned user extensions: 7
[2019-06-16 22:44:23.327] [sharedprocess] [info] Scanned user extensions: 7
[2019-06-16 22:49:23.360] [sharedprocess] [info] Scanned user extensions: 7
[2019-06-16 22:54:23.479] [sharedprocess] [info] Scanned user extensions: 7
[2019-06-16 22:59:23.530] [sharedprocess] [info] Scanned user extensions: 7
[2019-06-16 23:04:23.625] [sharedprocess] [info] Scanned user extensions: 7
[2019-06-16 23:09:23.660] [sharedprocess] [info] Scanned user extensions: 7
[2019-06-16 23:14:23.692] [sharedprocess] [info] Scanned user extensions: 7
[2019-06-16 23:19:23.739] [sharedprocess] [info] Scanned user extensions: 7
[2019-06-16 23:24:23.778] [sharedprocess] [info] Scanned user extensions: 7
[2019-06-16 23:29:23.808] [sharedprocess] [info] Scanned user extensions: 7
[2019-06-16 23:34:24.565] [sharedprocess] [info] Scanned user extensions: 7
