[2019-06-04 11:27:50.256] [renderer3] [warning] UNRESPONSIVE extension host, 'kisstkondoros.vscode-codemetrics' took 45% of 1015.945ms, saved PROFILE here: '/tmp/exthost-666d6f.cpuprofile' [{"id":"gc","total":10193,"percentage":1},{"id":"kisstkondoros.vscode-codemetrics","total":453738,"percentage":45},{"id":"michelemelluso.gitignore","total":1201,"percentage":0},{"id":"PKief.material-icon-theme","total":4952,"percentage":0},{"id":"program","total":10085,"percentage":1},{"id":"self","total":368658,"percentage":36},{"id":"shardulm94.trailing-spaces","total":148922,"percentage":15},{"id":"streetsidesoftware.code-spell-checker","total":13679,"percentage":1}]
[2019-06-04 12:23:55.179] [renderer3] [error] Error: Error: ENOENT: no such file or directory, stat '/home/malav/Desktop/gateway/nest_project_final/final-project/.vscode'
[2019-06-04 12:25:57.980] [renderer3] [warning] UNRESPONSIVE extension host, 'rbbit.typescript-hero' took 80% of 1382.275ms, saved PROFILE here: '/tmp/exthost-80ef4e.cpuprofile' [{"id":"eamodio.gitlens","total":111974,"percentage":8},{"id":"gc","total":3858,"percentage":0},{"id":"kisstkondoros.vscode-codemetrics","total":474,"percentage":0},{"id":"program","total":144,"percentage":0},{"id":"rbbit.typescript-hero","total":1107003,"percentage":80},{"id":"self","total":1351,"percentage":0},{"id":"streetsidesoftware.code-spell-checker","total":1584,"percentage":0},{"id":"vscode.git","total":148515,"percentage":11},{"id":"vscode.merge-conflict","total":230,"percentage":0}]
[2019-06-04 15:00:06.458] [renderer3] [error] Data tree node not found: [object Object]: Error: Data tree node not found: [object Object]
    at Y.getDataNode (file:///usr/share/code/resources/app/out/vs/workbench/workbench.main.js:959:671)
    at Y.reveal (file:///usr/share/code/resources/app/out/vs/workbench/workbench.main.js:959:261)
    at e.<anonymous> (file:///usr/share/code/resources/app/out/vs/workbench/workbench.main.js:5278:341)
    at Generator.next (<anonymous>)
    at r (file:///usr/share/code/resources/app/out/vs/workbench/workbench.main.js:34:454)
[2019-06-04 16:06:53.252] [renderer3] [error] TypeScript Server Error (3.4.5)
Cannot read property 'length' of undefined
TypeError: Cannot read property 'length' of undefined
    at Object.find (tsserver.js:375:35)
    at getReferencedSymbolsForModuleIfDeclaredBySourceFile (tsserver.js:101868:78)
    at Object.getReferencedSymbolsForNode (tsserver.js:101846:40)
    at Object.getReferenceEntriesForNode (tsserver.js:101588:58)
    at getSemanticDocumentHighlights (tsserver.js:100402:57)
    at Object.getDocumentHighlights (tsserver.js:100390:20)
    at Object.getDocumentHighlights (tsserver.js:121035:42)
    at IOSession.Session.getDocumentHighlights (tsserver.js:129621:71)
    at Session.handlers.ts.createMapFromTemplate._a.(anonymous function) (tsserver.js:129028:61)
    at tsserver.js:130466:88
    at IOSession.Session.executeWithRequestId (tsserver.js:130457:28)
    at IOSession.Session.executeCommand (tsserver.js:130466:33)
    at IOSession.Session.onMessage (tsserver.js:130488:35)
    at Interface.<anonymous> (tsserver.js:131789:27)
    at Interface.emit (events.js:182:13)
    at Interface._onLine (readline.js:290:10)
    at Interface._normalWrite (readline.js:433:12)
    at Socket.ondata (readline.js:149:10)
    at Socket.emit (events.js:182:13)
    at addChunk (_stream_readable.js:279:12)
    at readableAddChunk (_stream_readable.js:264:11)
    at Socket.Readable.push (_stream_readable.js:219:10)
    at Pipe.onread (net.js:636:20): Error: TypeScript Server Error (3.4.5)
Cannot read property 'length' of undefined
TypeError: Cannot read property 'length' of undefined
    at Object.find (tsserver.js:375:35)
    at getReferencedSymbolsForModuleIfDeclaredBySourceFile (tsserver.js:101868:78)
    at Object.getReferencedSymbolsForNode (tsserver.js:101846:40)
    at Object.getReferenceEntriesForNode (tsserver.js:101588:58)
    at getSemanticDocumentHighlights (tsserver.js:100402:57)
    at Object.getDocumentHighlights (tsserver.js:100390:20)
    at Object.getDocumentHighlights (tsserver.js:121035:42)
    at IOSession.Session.getDocumentHighlights (tsserver.js:129621:71)
    at Session.handlers.ts.createMapFromTemplate._a.(anonymous function) (tsserver.js:129028:61)
    at tsserver.js:130466:88
    at IOSession.Session.executeWithRequestId (tsserver.js:130457:28)
    at IOSession.Session.executeCommand (tsserver.js:130466:33)
    at IOSession.Session.onMessage (tsserver.js:130488:35)
    at Interface.<anonymous> (tsserver.js:131789:27)
    at Interface.emit (events.js:182:13)
    at Interface._onLine (readline.js:290:10)
    at Interface._normalWrite (readline.js:433:12)
    at Socket.ondata (readline.js:149:10)
    at Socket.emit (events.js:182:13)
    at addChunk (_stream_readable.js:279:12)
    at readableAddChunk (_stream_readable.js:264:11)
    at Socket.Readable.push (_stream_readable.js:219:10)
    at Pipe.onread (net.js:636:20)
	at Function.create (/usr/share/code/resources/app/extensions/typescript-language-features/dist/extension.js:1:176329)
	at v.dispatchResponse (/usr/share/code/resources/app/extensions/typescript-language-features/dist/extension.js:1:181697)
	at v.dispatchMessage (/usr/share/code/resources/app/extensions/typescript-language-features/dist/extension.js:1:180449)
	at constructor._reader.onData.e (/usr/share/code/resources/app/extensions/typescript-language-features/dist/extension.js:1:179805)
	at u.fire (/usr/share/code/resources/app/out/vs/workbench/services/extensions/node/extensionHostProcess.js:47:720)
	at t.Reader.onLengthData (/usr/share/code/resources/app/extensions/typescript-language-features/dist/extension.js:1:185678)
	at Socket.t.Reader.constructor.e.on.e (/usr/share/code/resources/app/extensions/typescript-language-features/dist/extension.js:1:185326)
	at Socket.emit (events.js:182:13)
	at addChunk (_stream_readable.js:279:12)
	at readableAddChunk (_stream_readable.js:264:11)
	at Socket.Readable.push (_stream_readable.js:219:10)
	at Pipe.onread (net.js:636:20)
[2019-06-04 16:06:56.159] [renderer3] [error] TypeScript Server Error (3.4.5)
Cannot read property 'length' of undefined
TypeError: Cannot read property 'length' of undefined
    at Object.find (tsserver.js:375:35)
    at getReferencedSymbolsForModuleIfDeclaredBySourceFile (tsserver.js:101868:78)
    at Object.getReferencedSymbolsForNode (tsserver.js:101846:40)
    at Object.getReferenceEntriesForNode (tsserver.js:101588:58)
    at getSemanticDocumentHighlights (tsserver.js:100402:57)
    at Object.getDocumentHighlights (tsserver.js:100390:20)
    at Object.getDocumentHighlights (tsserver.js:121035:42)
    at IOSession.Session.getDocumentHighlights (tsserver.js:129621:71)
    at Session.handlers.ts.createMapFromTemplate._a.(anonymous function) (tsserver.js:129028:61)
    at tsserver.js:130466:88
    at IOSession.Session.executeWithRequestId (tsserver.js:130457:28)
    at IOSession.Session.executeCommand (tsserver.js:130466:33)
    at IOSession.Session.onMessage (tsserver.js:130488:35)
    at Interface.<anonymous> (tsserver.js:131789:27)
    at Interface.emit (events.js:182:13)
    at Interface._onLine (readline.js:290:10)
    at Interface._normalWrite (readline.js:433:12)
    at Socket.ondata (readline.js:149:10)
    at Socket.emit (events.js:182:13)
    at addChunk (_stream_readable.js:279:12)
    at readableAddChunk (_stream_readable.js:264:11)
    at Socket.Readable.push (_stream_readable.js:219:10)
    at Pipe.onread (net.js:636:20): Error: TypeScript Server Error (3.4.5)
Cannot read property 'length' of undefined
TypeError: Cannot read property 'length' of undefined
    at Object.find (tsserver.js:375:35)
    at getReferencedSymbolsForModuleIfDeclaredBySourceFile (tsserver.js:101868:78)
    at Object.getReferencedSymbolsForNode (tsserver.js:101846:40)
    at Object.getReferenceEntriesForNode (tsserver.js:101588:58)
    at getSemanticDocumentHighlights (tsserver.js:100402:57)
    at Object.getDocumentHighlights (tsserver.js:100390:20)
    at Object.getDocumentHighlights (tsserver.js:121035:42)
    at IOSession.Session.getDocumentHighlights (tsserver.js:129621:71)
    at Session.handlers.ts.createMapFromTemplate._a.(anonymous function) (tsserver.js:129028:61)
    at tsserver.js:130466:88
    at IOSession.Session.executeWithRequestId (tsserver.js:130457:28)
    at IOSession.Session.executeCommand (tsserver.js:130466:33)
    at IOSession.Session.onMessage (tsserver.js:130488:35)
    at Interface.<anonymous> (tsserver.js:131789:27)
    at Interface.emit (events.js:182:13)
    at Interface._onLine (readline.js:290:10)
    at Interface._normalWrite (readline.js:433:12)
    at Socket.ondata (readline.js:149:10)
    at Socket.emit (events.js:182:13)
    at addChunk (_stream_readable.js:279:12)
    at readableAddChunk (_stream_readable.js:264:11)
    at Socket.Readable.push (_stream_readable.js:219:10)
    at Pipe.onread (net.js:636:20)
	at Function.create (/usr/share/code/resources/app/extensions/typescript-language-features/dist/extension.js:1:176329)
	at v.dispatchResponse (/usr/share/code/resources/app/extensions/typescript-language-features/dist/extension.js:1:181697)
	at v.dispatchMessage (/usr/share/code/resources/app/extensions/typescript-language-features/dist/extension.js:1:180449)
	at constructor._reader.onData.e (/usr/share/code/resources/app/extensions/typescript-language-features/dist/extension.js:1:179805)
	at u.fire (/usr/share/code/resources/app/out/vs/workbench/services/extensions/node/extensionHostProcess.js:47:720)
	at t.Reader.onLengthData (/usr/share/code/resources/app/extensions/typescript-language-features/dist/extension.js:1:185678)
	at Socket.t.Reader.constructor.e.on.e (/usr/share/code/resources/app/extensions/typescript-language-features/dist/extension.js:1:185326)
	at Socket.emit (events.js:182:13)
	at addChunk (_stream_readable.js:279:12)
	at readableAddChunk (_stream_readable.js:264:11)
	at Socket.Readable.push (_stream_readable.js:219:10)
	at Pipe.onread (net.js:636:20)
[2019-06-04 16:07:37.380] [renderer3] [error] TypeScript Server Error (3.4.5)
Cannot read property 'length' of undefined
TypeError: Cannot read property 'length' of undefined
    at Object.find (tsserver.js:375:35)
    at getReferencedSymbolsForModuleIfDeclaredBySourceFile (tsserver.js:101868:78)
    at Object.getReferencedSymbolsForNode (tsserver.js:101846:40)
    at Object.getReferenceEntriesForNode (tsserver.js:101588:58)
    at getSemanticDocumentHighlights (tsserver.js:100402:57)
    at Object.getDocumentHighlights (tsserver.js:100390:20)
    at Object.getDocumentHighlights (tsserver.js:121035:42)
    at IOSession.Session.getDocumentHighlights (tsserver.js:129621:71)
    at Session.handlers.ts.createMapFromTemplate._a.(anonymous function) (tsserver.js:129028:61)
    at tsserver.js:130466:88
    at IOSession.Session.executeWithRequestId (tsserver.js:130457:28)
    at IOSession.Session.executeCommand (tsserver.js:130466:33)
    at IOSession.Session.onMessage (tsserver.js:130488:35)
    at Interface.<anonymous> (tsserver.js:131789:27)
    at Interface.emit (events.js:182:13)
    at Interface._onLine (readline.js:290:10)
    at Interface._normalWrite (readline.js:433:12)
    at Socket.ondata (readline.js:149:10)
    at Socket.emit (events.js:182:13)
    at addChunk (_stream_readable.js:279:12)
    at readableAddChunk (_stream_readable.js:264:11)
    at Socket.Readable.push (_stream_readable.js:219:10)
    at Pipe.onread (net.js:636:20): Error: TypeScript Server Error (3.4.5)
Cannot read property 'length' of undefined
TypeError: Cannot read property 'length' of undefined
    at Object.find (tsserver.js:375:35)
    at getReferencedSymbolsForModuleIfDeclaredBySourceFile (tsserver.js:101868:78)
    at Object.getReferencedSymbolsForNode (tsserver.js:101846:40)
    at Object.getReferenceEntriesForNode (tsserver.js:101588:58)
    at getSemanticDocumentHighlights (tsserver.js:100402:57)
    at Object.getDocumentHighlights (tsserver.js:100390:20)
    at Object.getDocumentHighlights (tsserver.js:121035:42)
    at IOSession.Session.getDocumentHighlights (tsserver.js:129621:71)
    at Session.handlers.ts.createMapFromTemplate._a.(anonymous function) (tsserver.js:129028:61)
    at tsserver.js:130466:88
    at IOSession.Session.executeWithRequestId (tsserver.js:130457:28)
    at IOSession.Session.executeCommand (tsserver.js:130466:33)
    at IOSession.Session.onMessage (tsserver.js:130488:35)
    at Interface.<anonymous> (tsserver.js:131789:27)
    at Interface.emit (events.js:182:13)
    at Interface._onLine (readline.js:290:10)
    at Interface._normalWrite (readline.js:433:12)
    at Socket.ondata (readline.js:149:10)
    at Socket.emit (events.js:182:13)
    at addChunk (_stream_readable.js:279:12)
    at readableAddChunk (_stream_readable.js:264:11)
    at Socket.Readable.push (_stream_readable.js:219:10)
    at Pipe.onread (net.js:636:20)
	at Function.create (/usr/share/code/resources/app/extensions/typescript-language-features/dist/extension.js:1:176329)
	at v.dispatchResponse (/usr/share/code/resources/app/extensions/typescript-language-features/dist/extension.js:1:181697)
	at v.dispatchMessage (/usr/share/code/resources/app/extensions/typescript-language-features/dist/extension.js:1:180449)
	at constructor._reader.onData.e (/usr/share/code/resources/app/extensions/typescript-language-features/dist/extension.js:1:179805)
	at u.fire (/usr/share/code/resources/app/out/vs/workbench/services/extensions/node/extensionHostProcess.js:47:720)
	at t.Reader.onLengthData (/usr/share/code/resources/app/extensions/typescript-language-features/dist/extension.js:1:185678)
	at Socket.t.Reader.constructor.e.on.e (/usr/share/code/resources/app/extensions/typescript-language-features/dist/extension.js:1:185326)
	at Socket.emit (events.js:182:13)
	at addChunk (_stream_readable.js:279:12)
	at readableAddChunk (_stream_readable.js:264:11)
	at Socket.Readable.push (_stream_readable.js:219:10)
	at Pipe.onread (net.js:636:20)
