[2019-06-04 09:33:45.707] [renderer1] [warning] UNRESPONSIVE extension host, 'kisstkondoros.vscode-codemetrics' took 96% of 5729.438ms, saved PROFILE here: '/tmp/exthost-855077.cpuprofile' [{"id":"gc","total":440,"percentage":0},{"id":"kisstkondoros.vscode-codemetrics","total":5503557,"percentage":96},{"id":"self","total":222209,"percentage":4}]
[2019-06-04 09:35:14.912] [renderer1] [error] Error: Error: ENOENT: no such file or directory, stat '/opt/lampp/htdocs/Riya_Foods/.vscode'
[2019-06-04 10:16:22.817] [renderer1] [error] Unable to move/copy when source path is equal or parent of target path: Error: Unable to move/copy when source path is equal or parent of target path
    at b.<anonymous> (file:///usr/share/code/resources/app/out/vs/workbench/workbench.main.js:3316:930)
    at Generator.next (<anonymous>)
    at file:///usr/share/code/resources/app/out/vs/workbench/workbench.main.js:34:621
    at new Promise (<anonymous>)
    at n (file:///usr/share/code/resources/app/out/vs/workbench/workbench.main.js:34:398)
    at b.doValidateMoveCopy (file:///usr/share/code/resources/app/out/vs/workbench/workbench.main.js:3316:783)
    at b.<anonymous> (file:///usr/share/code/resources/app/out/vs/workbench/workbench.main.js:3315:395)
    at Generator.next (<anonymous>)
    at file:///usr/share/code/resources/app/out/vs/workbench/workbench.main.js:34:621
    at new Promise (<anonymous>)
    at n (file:///usr/share/code/resources/app/out/vs/workbench/workbench.main.js:34:398)
    at b.doMoveCopy (file:///usr/share/code/resources/app/out/vs/workbench/workbench.main.js:3315:320)
    at b.<anonymous> (file:///usr/share/code/resources/app/out/vs/workbench/workbench.main.js:3314:783)
    at Generator.next (<anonymous>)
    at r (file:///usr/share/code/resources/app/out/vs/workbench/workbench.main.js:34:454)
    at process._tickCallback (internal/process/next_tick.js:68:7)
[2019-06-04 12:21:51.274] [renderer1] [error] Cannot read property 'length' of null: TypeError: Cannot read property 'length' of null
    at X (file:///usr/share/code/resources/app/out/vs/workbench/workbench.main.js:5216:549)
    at file:///usr/share/code/resources/app/out/vs/workbench/workbench.main.js:5217:15
    at Generator.next (<anonymous>)
    at file:///usr/share/code/resources/app/out/vs/workbench/workbench.main.js:34:621
    at new Promise (<anonymous>)
    at n (file:///usr/share/code/resources/app/out/vs/workbench/workbench.main.js:34:398)
    at Q (file:///usr/share/code/resources/app/out/vs/workbench/workbench.main.js:5216:671)
    at handler (file:///usr/share/code/resources/app/out/vs/workbench/workbench.main.js:5227:152)
    at c.invokeFunction (file:///usr/share/code/resources/app/out/vs/workbench/workbench.main.js:1385:837)
    at Proxy._tryExecuteCommand (file:///usr/share/code/resources/app/out/vs/workbench/workbench.main.js:3015:52)
    at r.then.i (file:///usr/share/code/resources/app/out/vs/workbench/workbench.main.js:3014:717)
[2019-06-04 12:21:55.443] [renderer1] [error] Cannot read property 'length' of null: TypeError: Cannot read property 'length' of null
    at X (file:///usr/share/code/resources/app/out/vs/workbench/workbench.main.js:5216:549)
    at file:///usr/share/code/resources/app/out/vs/workbench/workbench.main.js:5217:15
    at Generator.next (<anonymous>)
    at file:///usr/share/code/resources/app/out/vs/workbench/workbench.main.js:34:621
    at new Promise (<anonymous>)
    at n (file:///usr/share/code/resources/app/out/vs/workbench/workbench.main.js:34:398)
    at Q (file:///usr/share/code/resources/app/out/vs/workbench/workbench.main.js:5216:671)
    at handler (file:///usr/share/code/resources/app/out/vs/workbench/workbench.main.js:5227:152)
    at c.invokeFunction (file:///usr/share/code/resources/app/out/vs/workbench/workbench.main.js:1385:837)
    at Proxy._tryExecuteCommand (file:///usr/share/code/resources/app/out/vs/workbench/workbench.main.js:3015:52)
    at r.then.i (file:///usr/share/code/resources/app/out/vs/workbench/workbench.main.js:3014:717)
[2019-06-04 12:22:05.599] [renderer1] [error] Cannot read property 'length' of null: TypeError: Cannot read property 'length' of null
    at X (file:///usr/share/code/resources/app/out/vs/workbench/workbench.main.js:5216:549)
    at file:///usr/share/code/resources/app/out/vs/workbench/workbench.main.js:5217:15
    at Generator.next (<anonymous>)
    at file:///usr/share/code/resources/app/out/vs/workbench/workbench.main.js:34:621
    at new Promise (<anonymous>)
    at n (file:///usr/share/code/resources/app/out/vs/workbench/workbench.main.js:34:398)
    at Q (file:///usr/share/code/resources/app/out/vs/workbench/workbench.main.js:5216:671)
    at handler (file:///usr/share/code/resources/app/out/vs/workbench/workbench.main.js:5227:152)
    at c.invokeFunction (file:///usr/share/code/resources/app/out/vs/workbench/workbench.main.js:1385:837)
    at Proxy._tryExecuteCommand (file:///usr/share/code/resources/app/out/vs/workbench/workbench.main.js:3015:52)
    at r.then.i (file:///usr/share/code/resources/app/out/vs/workbench/workbench.main.js:3014:717)
