[2019-06-04 09:33:16.950] [sharedprocess] [info] main {"machineId":"4d369e8d3298d444adfbdfa23023f8b132d72859a82acf83e6b2c7bb688f84be"}
[2019-06-04 09:33:18.849] [sharedprocess] [info] Scanned user extensions: 27
[2019-06-04 09:33:19.415] [sharedprocess] [info] Scanned system extensions: 72
[2019-06-04 09:33:19.588] [sharedprocess] [info] Deleted from disk streetsidesoftware.code-spell-checker /home/malav/.vscode/extensions/streetsidesoftware.code-spell-checker-1.7.12
[2019-06-04 09:33:20.689] [sharedprocess] [info] Scanned user extensions: 27
[2019-06-04 09:33:20.701] [sharedprocess] [info] Scanned user extensions: 27
[2019-06-04 09:33:20.750] [sharedprocess] [info] Scanned system extensions: 72
[2019-06-04 09:33:20.827] [sharedprocess] [info] Scanned system extensions: 72
[2019-06-04 09:33:21.352] [sharedprocess] [info] Scanned user extensions: 27
[2019-06-04 09:33:21.421] [sharedprocess] [info] Scanned system extensions: 72
[2019-06-04 09:33:30.419] [sharedprocess] [info] Scanned user extensions: 27
[2019-06-04 09:33:56.982] [sharedprocess] [info] Starting to clean up unused language packs.
[2019-06-04 09:38:31.136] [sharedprocess] [info] Scanned user extensions: 27
[2019-06-04 09:43:31.193] [sharedprocess] [info] Scanned user extensions: 27
[2019-06-04 09:48:31.247] [sharedprocess] [info] Scanned user extensions: 27
[2019-06-04 09:53:31.308] [sharedprocess] [info] Scanned user extensions: 27
[2019-06-04 09:58:31.383] [sharedprocess] [info] Scanned user extensions: 27
[2019-06-04 10:03:31.439] [sharedprocess] [info] Scanned user extensions: 27
[2019-06-04 10:08:31.502] [sharedprocess] [info] Scanned user extensions: 27
[2019-06-04 10:13:31.580] [sharedprocess] [info] Scanned user extensions: 27
[2019-06-04 10:18:31.671] [sharedprocess] [info] Scanned user extensions: 27
[2019-06-04 10:23:31.748] [sharedprocess] [info] Scanned user extensions: 27
[2019-06-04 10:28:31.803] [sharedprocess] [info] Scanned user extensions: 27
[2019-06-04 10:33:31.869] [sharedprocess] [info] Scanned user extensions: 27
